{
  "RSpec": {
    "coverage": {
      "/Users/nicholasbundy/dev/reddit/app/helpers/application_helper.rb": [
        1,
        null
      ],
      "/Users/nicholasbundy/dev/reddit/app/controllers/welcome_controller.rb": [
        1,
        null,
        1,
        null,
        null,
        null,
        null
      ],
      "/Users/nicholasbundy/dev/reddit/app/controllers/application_controller.rb": [
        1,
        null,
        null,
        1,
        null
      ],
      "/Users/nicholasbundy/dev/reddit/app/controllers/users_controller.rb": [
        1,
        null,
        1,
        1,
        null,
        null,
        1,
        1,
        null,
        1,
        1,
        null,
        0,
        null,
        null,
        null,
        1,
        1,
        null,
        null,
        null,
        1,
        1,
        1,
        null,
        null
      ],
      "/Users/nicholasbundy/dev/reddit/app/models/user.rb": [
        1,
        1,
        1,
        1,
        1,
        null
      ]
    },
    "timestamp": 1393619255
  }
}
