{
  "RSpec": {
    "coverage": {
      "/Users/coryhaber/dev/red.it/app/helpers/application_helper.rb": [
        1,
        null
      ],
      "/Users/coryhaber/dev/red.it/app/controllers/welcome_controller.rb": [
        1,
        null,
        1,
        null,
        null,
        null,
        null
      ],
      "/Users/coryhaber/dev/red.it/app/controllers/application_controller.rb": [
        1,
        null,
        null,
        1,
        null
      ],
      "/Users/coryhaber/dev/red.it/app/controllers/session_controller.rb": [
        1,
        null,
        1,
        1,
        null,
        null,
        1,
        null,
        1,
        null,
        null,
        null,
        1,
        null,
        null,
        1,
        null,
        null,
        1,
        null,
        null,
        null,
        0,
        0,
        null,
        null,
        null,
        1,
        0,
        0,
        null,
        null,
        null
      ],
      "/Users/coryhaber/dev/red.it/app/models/user.rb": [
        1,
        1,
        1,
        1,
        1,
        null
      ],
      "/Users/coryhaber/dev/red.it/app/controllers/users_controller.rb": [
        1,
        null,
        1,
        0,
        null,
        null,
        1,
        0,
        null,
        0,
        0,
        null,
        0,
        null,
        null,
        null,
        1,
        1,
        null,
        null,
        null,
        1,
        1,
        0,
        null,
        null
      ]
    },
    "timestamp": 1393620230
  }
}
